<?xml version="1.0" encoding="UTF-8"?>
<Site BuildName="(empty)"
	BuildStamp="20240602-1338-Experimental"
	Name="PcEge"
	Generator="ctest-3.22.1"
	CompilerName="/usr/bin/g++"
	CompilerVersion="11.4.0"
	OSName="Linux"
	Hostname="PcEge"
	OSRelease="6.5.0-35-generic"
	OSVersion="#35~22.04.1-Ubuntu SMP PREEMPT_DYNAMIC Tue May  7 09:00:52 UTC 2"
	OSPlatform="x86_64"
	Is64Bits="1"
	VendorString="GenuineIntel"
	VendorID="Intel Corporation"
	FamilyID="6"
	ModelID="186"
	ProcessorCacheSize="18432"
	NumberOfLogicalCPU="16"
	NumberOfPhysicalCPU="12"
	TotalVirtualMemory="31249"
	TotalPhysicalMemory="15707"
	LogicalProcessorsPerPhysical="1"
	ProcessorClockFrequency="3308.7"
	>
	<Testing>
		<StartDateTime>Jun 02 13:38 UTC</StartDateTime>
		<StartTestTime>1717335529</StartTestTime>
		<TestList/>
		<EndDateTime>Jun 02 13:38 UTC</EndDateTime>
		<EndTestTime>1717335529</EndTestTime>
		<ElapsedMinutes>0</ElapsedMinutes>
	</Testing>
</Site>
