<?xml version="1.0" encoding="UTF-8"?>
<Site BuildName="(empty)"
	BuildStamp="20240603-1211-Experimental"
	Name="PcEge"
	Generator="ctest-3.22.1"
	CompilerName="/usr/bin/g++"
	CompilerVersion="11.4.0"
	OSName="Linux"
	Hostname="PcEge"
	OSRelease="6.5.0-35-generic"
	OSVersion="#35~22.04.1-Ubuntu SMP PREEMPT_DYNAMIC Tue May  7 09:00:52 UTC 2"
	OSPlatform="x86_64"
	Is64Bits="1"
	VendorString="GenuineIntel"
	VendorID="Intel Corporation"
	FamilyID="6"
	ModelID="186"
	ProcessorCacheSize="18432"
	NumberOfLogicalCPU="16"
	NumberOfPhysicalCPU="12"
	TotalVirtualMemory="31249"
	TotalPhysicalMemory="15707"
	LogicalProcessorsPerPhysical="1"
	ProcessorClockFrequency="2553.86"
	>
	<Testing>
		<StartDateTime>Jun 03 12:17 UTC</StartDateTime>
		<StartTestTime>1717417039</StartTestTime>
		<TestList/>
		<EndDateTime>Jun 03 12:17 UTC</EndDateTime>
		<EndTestTime>1717417039</EndTestTime>
		<ElapsedMinutes>0</ElapsedMinutes>
	</Testing>
</Site>
